<?xml version="1.0" encoding="UTF-8"?>
<!-- Generated by org.testng.reporters.JUnitReportReporter -->
<testsuite hostname="ADMIN-PC" name="com.automation.OnlineTes.test.TC_02" tests="1" failures="0" timestamp="20 Apr 2020 15:09:54 GMT" time="11.894" errors="0">
  <testcase name="TC02" time="11.894" classname="com.automation.OnlineTes.test.TC_02"/>
</testsuite> <!-- com.automation.OnlineTes.test.TC_02 -->
