<?xml version="1.0" encoding="UTF-8"?>
<!-- Generated by org.testng.reporters.JUnitReportReporter -->
<testsuite hostname="ADMIN-PC" name="com.automation.OnlineTes.test.TC_01" tests="4" failures="0" timestamp="24 Apr 2020 11:48:01 GMT" time="116.332" errors="0">
  <testcase name="TC03" time="67.788" classname="com.automation.OnlineTes.test.TC_01"/>
  <testcase name="TC01" time="16.016" classname="com.automation.OnlineTes.test.TC_01"/>
  <testcase name="TC02" time="14.413" classname="com.automation.OnlineTes.test.TC_01"/>
  <testcase name="TC04" time="18.115" classname="com.automation.OnlineTes.test.TC_01"/>
</testsuite> <!-- com.automation.OnlineTes.test.TC_01 -->
