<?xml version="1.0" encoding="UTF-8"?>
<!-- Generated by org.testng.reporters.JUnitReportReporter -->
<testsuite hostname="ADMIN-PC" name="com.automation.OnlineTes.test.TC_03" tests="1" failures="0" timestamp="21 Apr 2020 03:01:56 GMT" time="13.513" errors="0">
  <testcase name="TC03" time="13.513" classname="com.automation.OnlineTes.test.TC_03"/>
</testsuite> <!-- com.automation.OnlineTes.test.TC_03 -->
