<?xml version="1.0" encoding="UTF-8"?>
<!-- Generated by org.testng.reporters.JUnitReportReporter -->
<testsuite hostname="ADMIN-PC" name="com.automation.OnlineTes.test.TC_03" tests="1" failures="0" timestamp="22 Apr 2020 14:59:12 GMT" time="74.670" errors="0">
  <testcase name="TC03" time="74.670" classname="com.automation.OnlineTes.test.TC_03"/>
</testsuite> <!-- com.automation.OnlineTes.test.TC_03 -->
