<?xml version="1.0" encoding="UTF-8"?>
<!-- Generated by org.testng.reporters.JUnitReportReporter -->
<testsuite hostname="ADMIN-PC" name="com.automation.OnlineTes.test.TC_02" tests="1" failures="0" timestamp="23 Apr 2020 11:24:00 GMT" time="43.173" errors="0">
  <testcase name="TC02" time="43.173" classname="com.automation.OnlineTes.test.TC_02"/>
</testsuite> <!-- com.automation.OnlineTes.test.TC_02 -->
