<?xml version="1.0" encoding="UTF-8"?>
<!-- Generated by org.testng.reporters.JUnitReportReporter -->
<testsuite hostname="ADMIN-PC" name="com.automation.OnlineTes.test.TC_04" tests="1" failures="0" timestamp="23 Apr 2020 04:58:57 GMT" time="13.617" errors="0">
  <testcase name="TC03" time="13.617" classname="com.automation.OnlineTes.test.TC_04"/>
</testsuite> <!-- com.automation.OnlineTes.test.TC_04 -->
