<?xml version="1.0" encoding="UTF-8"?>
<!-- Generated by org.testng.reporters.JUnitReportReporter -->
<testsuite hostname="ADMIN-PC" name="com.automation.OnlineTes.test.TC_03" tests="1" failures="0" timestamp="24 Apr 2020 11:00:48 GMT" time="102.876" errors="0">
  <testcase name="TC03" time="102.876" classname="com.automation.OnlineTes.test.TC_03"/>
</testsuite> <!-- com.automation.OnlineTes.test.TC_03 -->
