<?xml version="1.0" encoding="UTF-8"?>
<!-- Generated by org.testng.reporters.JUnitReportReporter -->
<testsuite hostname="ADMIN-PC" name="com.automation.OnlineTes.test.TC_02" tests="1" failures="0" timestamp="24 Apr 2020 11:51:07 GMT" time="21.439" errors="0">
  <testcase name="TC02" time="21.439" classname="com.automation.OnlineTes.test.TC_02"/>
</testsuite> <!-- com.automation.OnlineTes.test.TC_02 -->
