<?xml version="1.0" encoding="UTF-8"?>
<!-- Generated by org.testng.reporters.JUnitReportReporter -->
<testsuite hostname="ADMIN-PC" name="com.automation.OnlineTes.test.TC_01" tests="1" failures="0" timestamp="23 Apr 2020 11:24:00 GMT" time="18.558" errors="0">
  <testcase name="TC01" time="18.558" classname="com.automation.OnlineTes.test.TC_01"/>
</testsuite> <!-- com.automation.OnlineTes.test.TC_01 -->
