<?xml version="1.0" encoding="UTF-8"?>
<!-- Generated by org.testng.reporters.JUnitReportReporter -->
<testsuite hostname="ADMIN-PC" name="com.automation.OnlineTes.test.Emptest" tests="1" failures="0" timestamp="20 Apr 2020 15:09:28 GMT" time="27.112" errors="0">
  <testcase name="TC01" time="27.112" classname="com.automation.OnlineTes.test.Emptest"/>
</testsuite> <!-- com.automation.OnlineTes.test.Emptest -->
