<?xml version="1.0" encoding="UTF-8"?>
<!-- Generated by org.testng.reporters.JUnitReportReporter -->
<testsuite hostname="ADMIN-PC" name="com.automation.OnlineTes.test.TC_03" tests="1" failures="0" timestamp="23 Apr 2020 11:24:00 GMT" time="84.984" errors="0">
  <testcase name="TC03" time="84.984" classname="com.automation.OnlineTes.test.TC_03"/>
</testsuite> <!-- com.automation.OnlineTes.test.TC_03 -->
